Started GET "/api/v1/validate" for 127.0.0.1 at 2018-08-31 17:22:44 -0400
  
LoadError (Unable to autoload constant Api::V1::ValidationsController, expected /Users/apackard/personal/data_validation_app/app/controllers/api/v1/validations_controller.rb to define it):
  
activesupport (5.2.1) lib/active_support/dependencies.rb:507:in `load_missing_constant'
bootsnap (1.3.1) lib/bootsnap/load_path_cache/core_ext/active_support.rb:43:in `load_missing_constant'
activesupport (5.2.1) lib/active_support/dependencies.rb:193:in `const_missing'
activesupport (5.2.1) lib/active_support/inflector/methods.rb:285:in `const_get'
activesupport (5.2.1) lib/active_support/inflector/methods.rb:285:in `block in constantize'
activesupport (5.2.1) lib/active_support/inflector/methods.rb:281:in `each'
activesupport (5.2.1) lib/active_support/inflector/methods.rb:281:in `inject'
activesupport (5.2.1) lib/active_support/inflector/methods.rb:281:in `constantize'
activesupport (5.2.1) lib/active_support/dependencies.rb:578:in `get'
activesupport (5.2.1) lib/active_support/dependencies.rb:609:in `constantize'
actionpack (5.2.1) lib/action_dispatch/http/request.rb:88:in `controller_class_for'
actionpack (5.2.1) lib/action_dispatch/http/parameters.rb:101:in `binary_params_for?'
actionpack (5.2.1) lib/action_dispatch/http/parameters.rb:92:in `set_binary_encoding'
actionpack (5.2.1) lib/action_dispatch/http/parameters.rb:69:in `path_parameters='
actionpack (5.2.1) lib/action_dispatch/journey/router.rb:50:in `block in serve'
actionpack (5.2.1) lib/action_dispatch/journey/router.rb:35:in `each'
actionpack (5.2.1) lib/action_dispatch/journey/router.rb:35:in `serve'
actionpack (5.2.1) lib/action_dispatch/routing/route_set.rb:840:in `call'
rack (2.0.5) lib/rack/etag.rb:25:in `call'
rack (2.0.5) lib/rack/conditional_get.rb:25:in `call'
rack (2.0.5) lib/rack/head.rb:12:in `call'
activerecord (5.2.1) lib/active_record/migration.rb:559:in `call'
actionpack (5.2.1) lib/action_dispatch/middleware/callbacks.rb:28:in `block in call'
activesupport (5.2.1) lib/active_support/callbacks.rb:98:in `run_callbacks'
actionpack (5.2.1) lib/action_dispatch/middleware/callbacks.rb:26:in `call'
actionpack (5.2.1) lib/action_dispatch/middleware/executor.rb:14:in `call'
actionpack (5.2.1) lib/action_dispatch/middleware/debug_exceptions.rb:61:in `call'
actionpack (5.2.1) lib/action_dispatch/middleware/show_exceptions.rb:33:in `call'
railties (5.2.1) lib/rails/rack/logger.rb:38:in `call_app'
railties (5.2.1) lib/rails/rack/logger.rb:26:in `block in call'
activesupport (5.2.1) lib/active_support/tagged_logging.rb:71:in `block in tagged'
activesupport (5.2.1) lib/active_support/tagged_logging.rb:28:in `tagged'
activesupport (5.2.1) lib/active_support/tagged_logging.rb:71:in `tagged'
railties (5.2.1) lib/rails/rack/logger.rb:26:in `call'
actionpack (5.2.1) lib/action_dispatch/middleware/remote_ip.rb:81:in `call'
actionpack (5.2.1) lib/action_dispatch/middleware/request_id.rb:27:in `call'
rack (2.0.5) lib/rack/runtime.rb:22:in `call'
activesupport (5.2.1) lib/active_support/cache/strategy/local_cache_middleware.rb:29:in `call'
actionpack (5.2.1) lib/action_dispatch/middleware/executor.rb:14:in `call'
actionpack (5.2.1) lib/action_dispatch/middleware/static.rb:127:in `call'
rack (2.0.5) lib/rack/sendfile.rb:111:in `call'
railties (5.2.1) lib/rails/engine.rb:524:in `call'
puma (3.12.0) lib/puma/configuration.rb:225:in `call'
puma (3.12.0) lib/puma/server.rb:658:in `handle_request'
puma (3.12.0) lib/puma/server.rb:472:in `process_client'
puma (3.12.0) lib/puma/server.rb:332:in `block in run'
puma (3.12.0) lib/puma/thread_pool.rb:133:in `block in spawn_thread'
Started GET "/api/v1/validate" for 127.0.0.1 at 2018-08-31 17:26:11 -0400
Processing by API::V1::ValidationsController#index as JSON
Completed 500 Internal Server Error in 94ms (ActiveRecord: 0.0ms)


  
NameError (undefined local variable or method `storage' for #<API::V1::ValidationsController:0x00007ffc553da9d8>):
  
app/controllers/api/v1/validations_controller.rb:4:in `index'
Started GET "/api/v1/validate" for 127.0.0.1 at 2018-08-31 17:26:30 -0400
Processing by API::V1::ValidationsController#index as JSON
Completed 200 OK in 1ms (Views: 0.2ms | ActiveRecord: 0.0ms)


Started GET "/api/v1/validate" for 127.0.0.1 at 2018-09-02 10:25:18 -0400
Processing by API::V1::ValidationsController#index as JSON
Completed 200 OK in 1ms (Views: 0.3ms | ActiveRecord: 0.0ms)


Started GET "/api/v1/validate" for 127.0.0.1 at 2018-09-02 10:27:49 -0400
Processing by API::V1::ValidationsController#index as JSON
Completed 200 OK in 23ms (Views: 20.0ms | ActiveRecord: 0.0ms)


Started GET "/api/v1/validate" for 127.0.0.1 at 2018-09-02 10:30:50 -0400
Processing by API::V1::ValidationsController#index as JSON
Completed 500 Internal Server Error in 1ms (ActiveRecord: 0.0ms)


  
TypeError (wrong argument type NilClass (expected String)):
  
app/controllers/api/v1/validations_controller.rb:16:in `index'
Started GET "/api/v1/validate" for 127.0.0.1 at 2018-09-02 10:31:06 -0400
Processing by API::V1::ValidationsController#index as JSON
Completed 200 OK in 1ms (Views: 0.1ms | ActiveRecord: 0.0ms)


Started GET "/api/v1/validate" for 127.0.0.1 at 2018-09-02 10:32:08 -0400
Processing by API::V1::ValidationsController#index as JSON
Completed 200 OK in 1ms (Views: 0.2ms | ActiveRecord: 0.0ms)


Started GET "/api/v1/validate" for 127.0.0.1 at 2018-09-02 10:32:20 -0400
Processing by API::V1::ValidationsController#index as JSON
Completed 200 OK in 1ms (Views: 0.1ms | ActiveRecord: 0.0ms)


Started GET "/api/v1/validate" for 127.0.0.1 at 2018-09-02 10:32:29 -0400
Processing by API::V1::ValidationsController#index as JSON
Completed 200 OK in 1ms (Views: 0.3ms | ActiveRecord: 0.0ms)


Started GET "/api/v1/validate" for 127.0.0.1 at 2018-09-02 10:46:43 -0400
Processing by API::V1::ValidationsController#index as JSON
Completed 200 OK in 1ms (Views: 0.2ms | ActiveRecord: 0.0ms)


Started GET "/api/v1/validate" for 127.0.0.1 at 2018-09-02 10:51:57 -0400
  
SyntaxError (/Users/apackard/personal/data_validation_app/app/controllers/api/v1/validations_controller.rb:42: syntax error, unexpected tSTRING_BEG, expecting '}'
        "email": Levenshtein.distance(a
         ^
/Users/apackard/personal/data_validation_app/app/controllers/api/v1/validations_controller.rb:42: syntax error, unexpected ':', expecting keyword_end
        "email": Levenshtein.distance(address_
                ^
/Users/apackard/personal/data_validation_app/app/controllers/api/v1/validations_controller.rb:43: syntax error, unexpected ':', expecting keyword_end
        "address": Levenshtein.distance(address_
                  ^
/Users/apackard/personal/data_validation_app/app/controllers/api/v1/validations_controller.rb:44: syntax error, unexpected ':', expecting keyword_end
        "phone": Levenshtein.distance(address_
                ^
/Users/apackard/personal/data_validation_app/app/controllers/api/v1/validations_controller.rb:45: syntax error, unexpected '}', expecting keyword_end
      }
       ^):
  
app/controllers/api/v1/validations_controller.rb:42: syntax error, unexpected tSTRING_BEG, expecting '}'
app/controllers/api/v1/validations_controller.rb:42: syntax error, unexpected ':', expecting keyword_end
app/controllers/api/v1/validations_controller.rb:43: syntax error, unexpected ':', expecting keyword_end
app/controllers/api/v1/validations_controller.rb:44: syntax error, unexpected ':', expecting keyword_end
app/controllers/api/v1/validations_controller.rb:45: syntax error, unexpected '}', expecting keyword_end
Started GET "/api/v1/validate" for 127.0.0.1 at 2018-09-02 10:55:37 -0400
Processing by API::V1::ValidationsController#index as JSON
Completed 500 Internal Server Error in 1ms (ActiveRecord: 0.0ms)


  
NoMethodError (undefined method `<<' for nil:NilClass):
  
app/controllers/api/v1/validations_controller.rb:15:in `block in index'
app/controllers/api/v1/validations_controller.rb:9:in `index'
Started GET "/api/v1/validate" for 127.0.0.1 at 2018-09-02 11:00:10 -0400
Processing by API::V1::ValidationsController#index as JSON
Completed 200 OK in 1ms (Views: 0.4ms | ActiveRecord: 0.0ms)


Started GET "/api/v1/validate" for 127.0.0.1 at 2018-09-02 11:00:45 -0400
Processing by API::V1::ValidationsController#index as JSON
Completed 200 OK in 1ms (Views: 0.4ms | ActiveRecord: 0.0ms)


Started GET "/api/v1/validate" for 127.0.0.1 at 2018-09-02 13:48:56 -0400
Processing by API::V1::ValidationsController#index as JSON
Completed 200 OK in 15ms (Views: 0.1ms | ActiveRecord: 0.0ms)


Started GET "/api/v1/validate" for 127.0.0.1 at 2018-09-02 13:53:43 -0400
Processing by API::V1::ValidationsController#index as JSON
Completed 200 OK in 461079ms (Views: 0.3ms | ActiveRecord: 0.0ms)


Started GET "/api/v1/validate" for 127.0.0.1 at 2018-09-02 14:01:47 -0400
Processing by API::V1::ValidationsController#index as JSON
Completed 500 Internal Server Error in 118ms (ActiveRecord: 0.0ms)


  
NameError (undefined local variable or method `first_name' for #<API::V1::ValidationsController:0x00007f84ba25a058>):
  
app/controllers/api/v1/validations_controller.rb:15:in `block in index'
app/controllers/api/v1/validations_controller.rb:11:in `index'
Started GET "/api/v1/validate" for 127.0.0.1 at 2018-09-02 14:02:33 -0400
Processing by API::V1::ValidationsController#index as JSON
Completed 200 OK in 51438ms (Views: 1.1ms | ActiveRecord: 0.0ms)


Started GET "/api/v1/validate" for 127.0.0.1 at 2018-09-02 14:03:31 -0400
Processing by API::V1::ValidationsController#index as JSON
Completed 500 Internal Server Error in 437104ms (Views: 0.4ms | ActiveRecord: 0.0ms)


  
AbstractController::DoubleRenderError (Render and/or redirect were called multiple times in this action. Please note that you may only call render OR redirect, and at most once per action. Also note that neither redirect nor render terminate execution of the action, so if you want to exit an action after redirecting, you need to do something like "redirect_to(...) and return".):
  
app/controllers/api/v1/validations_controller.rb:27:in `index'
Started GET "/api/v1/validate" for 127.0.0.1 at 2018-09-02 14:11:23 -0400
  
SyntaxError (/Users/apackard/personal/data_validation_app/app/controllers/api/v1/validations_controller.rb:28: syntax error, unexpected keyword_do, expecting keyword_end
        ((index+1)..length) do |index2|
                              ^
/Users/apackard/personal/data_validation_app/app/controllers/api/v1/validations_controller.rb:43: syntax error, unexpected keyword_end, expecting end-of-input
  end
     ^):
  
app/controllers/api/v1/validations_controller.rb:28: syntax error, unexpected keyword_do, expecting keyword_end
app/controllers/api/v1/validations_controller.rb:43: syntax error, unexpected keyword_end, expecting end-of-input
Started GET "/api/v1/validate" for 127.0.0.1 at 2018-09-02 14:12:13 -0400
Processing by API::V1::ValidationsController#index as JSON
Completed 500 Internal Server Error in 2ms (ActiveRecord: 0.0ms)


  
TypeError (wrong argument type NilClass (expected String)):
  
app/controllers/api/v1/validations_controller.rb:33:in `block (2 levels) in index'
app/controllers/api/v1/validations_controller.rb:28:in `block in index'
app/controllers/api/v1/validations_controller.rb:27:in `index'
Started GET "/api/v1/validate" for 127.0.0.1 at 2018-09-02 14:13:19 -0400
Processing by API::V1::ValidationsController#index as JSON
Completed 200 OK in 8ms (Views: 0.6ms | ActiveRecord: 0.0ms)


Started GET "/api/v1/validate" for 127.0.0.1 at 2018-09-02 14:13:34 -0400
Processing by API::V1::ValidationsController#index as JSON
Completed 200 OK in 8ms (Views: 0.3ms | ActiveRecord: 0.0ms)


Started GET "/api/v1/validate" for 127.0.0.1 at 2018-09-02 14:14:42 -0400
Processing by API::V1::ValidationsController#index as JSON
Completed 200 OK in 9ms (Views: 0.4ms | ActiveRecord: 0.0ms)


Started GET "/api/v1/validate" for 127.0.0.1 at 2018-09-02 14:14:56 -0400
Processing by API::V1::ValidationsController#index as JSON
Completed 200 OK in 13ms (Views: 0.4ms | ActiveRecord: 0.0ms)


Started GET "/api/v1/validate" for 127.0.0.1 at 2018-09-02 14:18:47 -0400
Processing by API::V1::ValidationsController#index as JSON
Completed 200 OK in 9ms (Views: 0.3ms | ActiveRecord: 0.0ms)


Started GET "/api/v1/validate" for 127.0.0.1 at 2018-09-02 14:43:18 -0400
Processing by API::V1::ValidationsController#index as JSON
Completed 200 OK in 3ms (Views: 0.2ms | ActiveRecord: 0.0ms)


Started GET "/api/v1/validate" for 127.0.0.1 at 2018-09-02 14:44:56 -0400
Processing by API::V1::ValidationsController#index as JSON
Completed 200 OK in 3ms (Views: 0.2ms | ActiveRecord: 0.0ms)


Started GET "/api/v1/validate" for 127.0.0.1 at 2018-09-02 14:45:58 -0400
Processing by API::V1::ValidationsController#index as JSON
Completed 200 OK in 3ms (Views: 0.2ms | ActiveRecord: 0.0ms)


Started GET "/api/v1/validate" for 127.0.0.1 at 2018-09-02 14:47:06 -0400
Processing by API::V1::ValidationsController#index as JSON
Completed 200 OK in 5ms (Views: 0.2ms | ActiveRecord: 0.0ms)


Started GET "/api/v1/validate" for 127.0.0.1 at 2018-09-02 14:48:15 -0400
Processing by API::V1::ValidationsController#index as JSON
Completed 200 OK in 10ms (Views: 0.5ms | ActiveRecord: 0.0ms)


Started GET "/api/v1/validate?contraint=10" for 127.0.0.1 at 2018-09-02 14:48:31 -0400
Processing by API::V1::ValidationsController#index as JSON
  Parameters: {"contraint"=>"10"}
Completed 200 OK in 6ms (Views: 0.3ms | ActiveRecord: 0.0ms)


Started GET "/api/v1/validate?contraint=50" for 127.0.0.1 at 2018-09-02 14:48:36 -0400
Processing by API::V1::ValidationsController#index as JSON
  Parameters: {"contraint"=>"50"}
Completed 200 OK in 7ms (Views: 0.3ms | ActiveRecord: 0.0ms)


Started GET "/api/v1/validate?contraint=80" for 127.0.0.1 at 2018-09-02 14:48:39 -0400
Processing by API::V1::ValidationsController#index as JSON
  Parameters: {"contraint"=>"80"}
Completed 200 OK in 10ms (Views: 0.5ms | ActiveRecord: 0.0ms)


Started GET "/api/v1/validate?contraint=90" for 127.0.0.1 at 2018-09-02 14:48:44 -0400
Processing by API::V1::ValidationsController#index as JSON
  Parameters: {"contraint"=>"90"}
Completed 200 OK in 9ms (Views: 0.4ms | ActiveRecord: 0.0ms)


Started GET "/api/v1/validate?contraint=100" for 127.0.0.1 at 2018-09-02 14:48:47 -0400
Processing by API::V1::ValidationsController#index as JSON
  Parameters: {"contraint"=>"100"}
Completed 200 OK in 8ms (Views: 0.3ms | ActiveRecord: 0.0ms)


Started GET "/api/v1/validate?constraint=80" for 127.0.0.1 at 2018-09-02 14:48:54 -0400
Processing by API::V1::ValidationsController#index as JSON
  Parameters: {"constraint"=>"80"}
Completed 500 Internal Server Error in 1ms (ActiveRecord: 0.0ms)


  
ArgumentError (comparison of Integer with String failed):
  
app/controllers/api/v1/validations_controller.rb:41:in `<='
app/controllers/api/v1/validations_controller.rb:41:in `block (2 levels) in index'
app/controllers/api/v1/validations_controller.rb:38:in `each'
app/controllers/api/v1/validations_controller.rb:38:in `each_with_index'
app/controllers/api/v1/validations_controller.rb:38:in `block in index'
app/controllers/api/v1/validations_controller.rb:11:in `index'
Started GET "/api/v1/validate?constraint=80" for 127.0.0.1 at 2018-09-02 14:49:13 -0400
Processing by API::V1::ValidationsController#index as JSON
  Parameters: {"constraint"=>"80"}
Completed 200 OK in 9ms (Views: 0.7ms | ActiveRecord: 0.0ms)


Started GET "/api/v1/validate?constraint=50" for 127.0.0.1 at 2018-09-02 14:49:18 -0400
Processing by API::V1::ValidationsController#index as JSON
  Parameters: {"constraint"=>"50"}
Completed 200 OK in 6ms (Views: 0.3ms | ActiveRecord: 0.0ms)


Started GET "/api/v1/validate?constraint=1" for 127.0.0.1 at 2018-09-02 14:49:21 -0400
Processing by API::V1::ValidationsController#index as JSON
  Parameters: {"constraint"=>"1"}
Completed 200 OK in 9ms (Views: 0.4ms | ActiveRecord: 0.0ms)


Started GET "/api/v1/validate?constraint=10" for 127.0.0.1 at 2018-09-02 14:49:25 -0400
Processing by API::V1::ValidationsController#index as JSON
  Parameters: {"constraint"=>"10"}
Completed 200 OK in 8ms (Views: 0.3ms | ActiveRecord: 0.0ms)


Started GET "/api/v1/validate?constraint=10" for 127.0.0.1 at 2018-09-02 14:49:37 -0400
Processing by API::V1::ValidationsController#index as JSON
  Parameters: {"constraint"=>"10"}
Completed 200 OK in 11ms (Views: 0.3ms | ActiveRecord: 0.0ms)


Started GET "/api/v1/validate?constraint=5" for 127.0.0.1 at 2018-09-02 14:49:39 -0400
Processing by API::V1::ValidationsController#index as JSON
  Parameters: {"constraint"=>"5"}
Completed 200 OK in 6ms (Views: 0.3ms | ActiveRecord: 0.0ms)


Started GET "/api/v1/validate?constraint=1" for 127.0.0.1 at 2018-09-02 14:49:41 -0400
Processing by API::V1::ValidationsController#index as JSON
  Parameters: {"constraint"=>"1"}
Completed 200 OK in 10ms (Views: 0.3ms | ActiveRecord: 0.0ms)


Started GET "/api/v1/validate" for 127.0.0.1 at 2018-09-02 14:50:07 -0400
Processing by API::V1::ValidationsController#index as JSON
Completed 200 OK in 254ms (Views: 1.2ms | ActiveRecord: 0.0ms)


Started GET "/api/v1/validate" for 127.0.0.1 at 2018-09-02 14:50:15 -0400
Processing by API::V1::ValidationsController#index as JSON
Completed 200 OK in 247ms (Views: 1.0ms | ActiveRecord: 0.0ms)


Started GET "/api/v1/validate" for 127.0.0.1 at 2018-09-02 14:50:28 -0400
Processing by API::V1::ValidationsController#index as JSON
Completed 200 OK in 261ms (Views: 0.9ms | ActiveRecord: 0.0ms)


Started GET "/api/v1/validate" for 127.0.0.1 at 2018-09-02 14:50:52 -0400
Processing by API::V1::ValidationsController#index as JSON
Completed 200 OK in 316ms (Views: 1.4ms | ActiveRecord: 0.0ms)


Started GET "/api/v1/validate?constraint=20" for 127.0.0.1 at 2018-09-02 14:52:54 -0400
Processing by API::V1::ValidationsController#index as JSON
  Parameters: {"constraint"=>"20"}
Completed 200 OK in 245ms (Views: 1.0ms | ActiveRecord: 0.0ms)


Started GET "/api/v1/validate?constraint=25" for 127.0.0.1 at 2018-09-02 14:53:42 -0400
Processing by API::V1::ValidationsController#index as JSON
  Parameters: {"constraint"=>"25"}
Completed 200 OK in 233ms (Views: 1.1ms | ActiveRecord: 0.0ms)


Started GET "/api/v1/validate" for 127.0.0.1 at 2018-09-02 15:11:52 -0400
Processing by API::V1::ValidationsController#index as JSON
Completed 500 Internal Server Error in 67ms (ActiveRecord: 0.0ms)


  
NoMethodError (undefined method `check_unknown_duplicates' for #<API::V1::ValidationsController:0x00007ffe041dd9e0>
Did you mean?  check_known_duplicates
               checken_unknown_duplicates):
  
app/controllers/api/v1/validations_controller.rb:21:in `block in index'
app/controllers/api/v1/validations_controller.rb:8:in `index'
Started GET "/api/v1/validate" for 127.0.0.1 at 2018-09-02 15:12:01 -0400
Processing by API::V1::ValidationsController#index as JSON
Completed 500 Internal Server Error in 147ms (ActiveRecord: 0.0ms)


  
NameError (undefined local variable or method `duplicate_count' for #<API::V1::ValidationsController:0x00007ffe03cf0a90>
Did you mean?  duplicates):
  
app/controllers/api/v1/validations_controller.rb:68:in `block in check_unknown_duplicates'
app/controllers/api/v1/validations_controller.rb:62:in `each'
app/controllers/api/v1/validations_controller.rb:62:in `each_with_index'
app/controllers/api/v1/validations_controller.rb:62:in `check_unknown_duplicates'
app/controllers/api/v1/validations_controller.rb:21:in `block in index'
app/controllers/api/v1/validations_controller.rb:8:in `index'
Started GET "/api/v1/validate" for 127.0.0.1 at 2018-09-02 15:12:21 -0400
Processing by API::V1::ValidationsController#index as JSON
Completed 200 OK in 249ms (Views: 1.0ms | ActiveRecord: 0.0ms)


Started GET "/api/v1/validate" for 127.0.0.1 at 2018-09-02 15:12:44 -0400
Processing by API::V1::ValidationsController#index as JSON
Completed 200 OK in 215ms (Views: 1.0ms | ActiveRecord: 0.0ms)


Started GET "/api/v1/validate" for 127.0.0.1 at 2018-09-02 15:15:22 -0400
Processing by API::V1::ValidationsController#index as JSON
Completed 500 Internal Server Error in 91ms (ActiveRecord: 0.0ms)


  
NameError (undefined local variable or method `constraint' for #<API::V1::ValidationsController:0x00007ffe042fda28>):
  
app/controllers/api/v1/validations_controller.rb:68:in `block in check_unknown_duplicates'
app/controllers/api/v1/validations_controller.rb:65:in `each'
app/controllers/api/v1/validations_controller.rb:65:in `each_with_index'
app/controllers/api/v1/validations_controller.rb:65:in `check_unknown_duplicates'
app/controllers/api/v1/validations_controller.rb:24:in `block in index'
app/controllers/api/v1/validations_controller.rb:11:in `index'
Started GET "/api/v1/validate" for 127.0.0.1 at 2018-09-02 15:15:40 -0400
Processing by API::V1::ValidationsController#index as JSON
Completed 200 OK in 234ms (Views: 2.5ms | ActiveRecord: 0.0ms)


Started GET "/api/v1/validate" for 127.0.0.1 at 2018-09-02 15:18:05 -0400
Processing by API::V1::ValidationsController#index as JSON
Completed 200 OK in 243ms (Views: 1.0ms | ActiveRecord: 0.0ms)


Started GET "/api/v1/validate" for 127.0.0.1 at 2018-09-02 15:20:31 -0400
Processing by API::V1::ValidationsController#index as JSON
Completed 200 OK in 222ms (Views: 0.9ms | ActiveRecord: 0.0ms)


Started GET "/api/v1/validate" for 127.0.0.1 at 2018-09-02 15:22:08 -0400
Processing by API::V1::ValidationsController#index as JSON
Completed 200 OK in 266ms (Views: 1.0ms | ActiveRecord: 0.0ms)


Started GET "/api/v1/validate" for 127.0.0.1 at 2018-09-02 15:24:35 -0400
Processing by API::V1::ValidationsController#index as JSON
Completed 200 OK in 224ms (Views: 1.0ms | ActiveRecord: 0.0ms)


Started GET "/api/v1/validate?constraint=5" for 127.0.0.1 at 2018-09-02 15:24:46 -0400
Processing by API::V1::ValidationsController#index as JSON
  Parameters: {"constraint"=>"5"}
Completed 200 OK in 235ms (Views: 0.9ms | ActiveRecord: 0.0ms)


Started GET "/api/v1/validate?constraint=50" for 127.0.0.1 at 2018-09-02 15:24:52 -0400
Processing by API::V1::ValidationsController#index as JSON
  Parameters: {"constraint"=>"50"}
Completed 200 OK in 254ms (Views: 0.9ms | ActiveRecord: 0.0ms)


Started GET "/api/v1/validate" for 127.0.0.1 at 2018-09-02 15:52:32 -0400
Processing by API::V1::ValidationsController#index as JSON
Completed 500 Internal Server Error in 103ms (ActiveRecord: 0.0ms)


  
NameError (undefined local variable or method `constraint' for #<API::V1::ValidationsController:0x00007f95a47000d0>):
  
app/controllers/api/v1/validations_controller.rb:80:in `block in check_unknown_duplicates'
app/controllers/api/v1/validations_controller.rb:77:in `each'
app/controllers/api/v1/validations_controller.rb:77:in `each_with_index'
app/controllers/api/v1/validations_controller.rb:77:in `check_unknown_duplicates'
app/controllers/api/v1/validations_controller.rb:19:in `block in index'
app/controllers/api/v1/validations_controller.rb:9:in `index'
Started GET "/api/v1/validate" for 127.0.0.1 at 2018-09-02 15:52:50 -0400
Processing by API::V1::ValidationsController#index as JSON
Completed 500 Internal Server Error in 109ms (ActiveRecord: 0.0ms)


  
NameError (undefined local variable or method `entry' for #<API::V1::ValidationsController:0x00007f95a32f57c0>):
  
app/controllers/api/v1/validations_controller.rb:58:in `block in check_known_duplicates'
app/controllers/api/v1/validations_controller.rb:44:in `each'
app/controllers/api/v1/validations_controller.rb:44:in `each_with_index'
app/controllers/api/v1/validations_controller.rb:44:in `check_known_duplicates'
app/controllers/api/v1/validations_controller.rb:16:in `block in index'
app/controllers/api/v1/validations_controller.rb:9:in `index'
Started GET "/api/v1/validate" for 127.0.0.1 at 2018-09-02 15:53:25 -0400
Processing by API::V1::ValidationsController#index as JSON
Completed 500 Internal Server Error in 4ms (ActiveRecord: 0.0ms)


  
TypeError (wrong argument type NilClass (expected String)):
  
app/controllers/api/v1/validations_controller.rb:64:in `block (2 levels) in check_known_duplicates'
app/controllers/api/v1/validations_controller.rb:63:in `each'
app/controllers/api/v1/validations_controller.rb:63:in `each_with_index'
app/controllers/api/v1/validations_controller.rb:63:in `block in check_known_duplicates'
app/controllers/api/v1/validations_controller.rb:44:in `each'
app/controllers/api/v1/validations_controller.rb:44:in `each_with_index'
app/controllers/api/v1/validations_controller.rb:44:in `check_known_duplicates'
app/controllers/api/v1/validations_controller.rb:16:in `block in index'
app/controllers/api/v1/validations_controller.rb:9:in `index'
Started GET "/api/v1/validate" for 127.0.0.1 at 2018-09-02 15:55:36 -0400
Processing by API::V1::ValidationsController#index as JSON
Completed 500 Internal Server Error in 4ms (ActiveRecord: 0.0ms)


  
TypeError (wrong argument type NilClass (expected String)):
  
app/controllers/api/v1/validations_controller.rb:66:in `block (2 levels) in check_known_duplicates'
app/controllers/api/v1/validations_controller.rb:63:in `each'
app/controllers/api/v1/validations_controller.rb:63:in `each_with_index'
app/controllers/api/v1/validations_controller.rb:63:in `block in check_known_duplicates'
app/controllers/api/v1/validations_controller.rb:44:in `each'
app/controllers/api/v1/validations_controller.rb:44:in `each_with_index'
app/controllers/api/v1/validations_controller.rb:44:in `check_known_duplicates'
app/controllers/api/v1/validations_controller.rb:16:in `block in index'
app/controllers/api/v1/validations_controller.rb:9:in `index'
Started GET "/api/v1/validate" for 127.0.0.1 at 2018-09-02 15:57:29 -0400
Processing by API::V1::ValidationsController#index as JSON
Completed 200 OK in 125713ms (Views: 0.3ms | ActiveRecord: 0.0ms)


Started GET "/api/v1/validate" for 127.0.0.1 at 2018-09-02 15:59:43 -0400
Processing by API::V1::ValidationsController#index as JSON
Completed 200 OK in 4127825ms (Views: 0.3ms | ActiveRecord: 0.0ms)


Started GET "/api/v1/validate" for 127.0.0.1 at 2018-09-02 17:08:35 -0400
Processing by API::V1::ValidationsController#index as JSON
Completed 200 OK in 312ms (Views: 2.5ms | ActiveRecord: 0.0ms)


Started GET "/api/v1/validate" for 127.0.0.1 at 2018-09-02 17:11:20 -0400
Processing by API::V1::ValidationsController#index as JSON
Completed 500 Internal Server Error in 100ms (ActiveRecord: 0.0ms)


  
NameError (undefined local variable or method `values' for #<API::V1::ValidationsController:0x00007faec3184790>):
  
app/controllers/api/v1/validations_controller.rb:102:in `block in check_unknown_duplicates'
app/controllers/api/v1/validations_controller.rb:84:in `each'
app/controllers/api/v1/validations_controller.rb:84:in `each_with_index'
app/controllers/api/v1/validations_controller.rb:84:in `check_unknown_duplicates'
app/controllers/api/v1/validations_controller.rb:18:in `block in index'
app/controllers/api/v1/validations_controller.rb:8:in `index'
Started GET "/api/v1/validate" for 127.0.0.1 at 2018-09-02 17:11:41 -0400
Processing by API::V1::ValidationsController#index as JSON
Completed 200 OK in 20ms (Views: 0.8ms | ActiveRecord: 0.0ms)


Started GET "/api/v1/validate" for 127.0.0.1 at 2018-09-02 17:13:12 -0400
Processing by API::V1::ValidationsController#index as JSON
Completed 200 OK in 339ms (Views: 0.9ms | ActiveRecord: 0.0ms)


Started GET "/api/v1/validate" for 127.0.0.1 at 2018-09-02 17:13:31 -0400
Processing by API::V1::ValidationsController#index as JSON
Completed 200 OK in 330ms (Views: 0.9ms | ActiveRecord: 0.0ms)


Started GET "/api/v1/validate" for 127.0.0.1 at 2018-09-02 17:15:51 -0400
Processing by API::V1::ValidationsController#index as JSON
Completed 200 OK in 1ms (Views: 0.3ms | ActiveRecord: 0.0ms)


Started GET "/api/v1/validate" for 127.0.0.1 at 2018-09-02 17:18:52 -0400
Processing by API::V1::ValidationsController#index as JSON
Completed 200 OK in 37ms (Views: 1.0ms | ActiveRecord: 0.0ms)


Started GET "/api/v1/validate" for 127.0.0.1 at 2018-09-02 17:19:16 -0400
Processing by API::V1::ValidationsController#index as JSON
Completed 200 OK in 60ms (Views: 1.9ms | ActiveRecord: 0.0ms)


Started GET "/api/v1/validate" for 127.0.0.1 at 2018-09-02 17:20:44 -0400
Processing by API::V1::ValidationsController#index as JSON
Completed 200 OK in 34ms (Views: 1.1ms | ActiveRecord: 0.0ms)


Started GET "/api/v1/validate" for 127.0.0.1 at 2018-09-02 17:21:48 -0400
Processing by API::V1::ValidationsController#index as JSON
Completed 200 OK in 351ms (Views: 1.0ms | ActiveRecord: 0.0ms)


Started GET "/api/v1/validate" for 127.0.0.1 at 2018-09-02 17:22:22 -0400
Processing by API::V1::ValidationsController#index as JSON
Completed 200 OK in 345ms (Views: 0.9ms | ActiveRecord: 0.0ms)


Started GET "/api/v1/validate" for 127.0.0.1 at 2018-09-02 17:25:38 -0400
Processing by API::V1::ValidationsController#index as JSON
Completed 200 OK in 338ms (Views: 0.9ms | ActiveRecord: 0.0ms)


Started GET "/api/v1/validate" for 127.0.0.1 at 2018-09-02 17:26:53 -0400
Processing by API::V1::ValidationsController#index as JSON
Completed 200 OK in 348ms (Views: 0.9ms | ActiveRecord: 0.0ms)


Started GET "/api/v1/validate" for 127.0.0.1 at 2018-09-02 17:27:13 -0400
Processing by API::V1::ValidationsController#index as JSON
Completed 200 OK in 1ms (Views: 0.2ms | ActiveRecord: 0.0ms)


Started GET "/api/v1/validate" for 127.0.0.1 at 2018-09-02 17:27:38 -0400
Processing by API::V1::ValidationsController#index as JSON
Completed 200 OK in 2ms (Views: 0.2ms | ActiveRecord: 0.0ms)


Started GET "/api/v1/validate" for 127.0.0.1 at 2018-09-02 17:28:01 -0400
Processing by API::V1::ValidationsController#index as JSON
Completed 200 OK in 1ms (Views: 0.2ms | ActiveRecord: 0.0ms)


Started GET "/api/v1/validate" for 127.0.0.1 at 2018-09-02 17:28:23 -0400
Processing by API::V1::ValidationsController#index as JSON
Completed 200 OK in 351ms (Views: 1.1ms | ActiveRecord: 0.0ms)


Started GET "/api/v1/validate" for 127.0.0.1 at 2018-09-02 17:29:50 -0400
Processing by API::V1::ValidationsController#index as JSON
Completed 500 Internal Server Error in 1ms (ActiveRecord: 0.0ms)


  
CSV::MalformedCSVError (Illegal quoting in line 2.):
  
app/controllers/api/v1/validations_controller.rb:9:in `index'
Started GET "/api/v1/validate" for 127.0.0.1 at 2018-09-02 17:30:07 -0400
Processing by API::V1::ValidationsController#index as JSON
Completed 200 OK in 1ms (Views: 0.2ms | ActiveRecord: 0.0ms)


Started GET "/api/v1/validate" for 127.0.0.1 at 2018-09-02 17:30:30 -0400
Processing by API::V1::ValidationsController#index as JSON
Completed 200 OK in 2ms (Views: 0.3ms | ActiveRecord: 0.0ms)


Started GET "/api/v1/validate" for 127.0.0.1 at 2018-09-02 17:31:08 -0400
Processing by API::V1::ValidationsController#index as JSON
Completed 200 OK in 1ms (Views: 0.2ms | ActiveRecord: 0.0ms)


Started GET "/api/v1/validate" for 127.0.0.1 at 2018-09-02 17:33:05 -0400
Processing by API::V1::ValidationsController#index as JSON
Completed 200 OK in 89910ms (Views: 0.2ms | ActiveRecord: 0.0ms)


Started GET "/api/v1/validate" for 127.0.0.1 at 2018-09-02 17:35:20 -0400
Processing by API::V1::ValidationsController#index as JSON
Completed 200 OK in 2569ms (Views: 0.4ms | ActiveRecord: 0.0ms)


Started GET "/api/v1/validate" for 127.0.0.1 at 2018-09-02 17:35:28 -0400
Processing by API::V1::ValidationsController#index as JSON
Completed 200 OK in 234136ms (Views: 0.3ms | ActiveRecord: 0.0ms)


Started GET "/api/v1/validate" for 127.0.0.1 at 2018-09-02 17:39:26 -0400
  
SyntaxError (/Users/apackard/personal/data_validation_app/app/controllers/api/v1/validations_controller.rb:136: syntax error, unexpected end-of-input, expecting keyword_end):
  
app/controllers/api/v1/validations_controller.rb:136: syntax error, unexpected end-of-input, expecting keyword_end
Started GET "/api/v1/validate" for 127.0.0.1 at 2018-09-02 17:40:07 -0400
Processing by API::V1::ValidationsController#index as JSON
Completed 200 OK in 1ms (Views: 0.2ms | ActiveRecord: 0.0ms)


Started GET "/api/v1/validate" for 127.0.0.1 at 2018-09-02 17:40:23 -0400
Processing by API::V1::ValidationsController#index as JSON
Completed 200 OK in 1ms (Views: 0.2ms | ActiveRecord: 0.0ms)


Started GET "/api/v1/validate" for 127.0.0.1 at 2018-09-02 17:40:31 -0400
Processing by API::V1::ValidationsController#index as JSON
Completed 200 OK in 324ms (Views: 1.0ms | ActiveRecord: 0.0ms)


Started GET "/api/v1/validate" for 127.0.0.1 at 2018-09-02 17:43:09 -0400
Processing by API::V1::ValidationsController#index as JSON
Completed 500 Internal Server Error in 90609ms (ActiveRecord: 0.0ms)


  
ArgumentError (wrong number of arguments (given 2, expected 1)):
  
app/controllers/api/v1/validations_controller.rb:44:in `check_known_duplicates'
app/controllers/api/v1/validations_controller.rb:18:in `block in index'
app/controllers/api/v1/validations_controller.rb:11:in `index'
Started GET "/api/v1/validate" for 127.0.0.1 at 2018-09-02 17:44:41 -0400
Processing by API::V1::ValidationsController#index as JSON
Completed 500 Internal Server Error in 3ms (ActiveRecord: 0.0ms)


  
ArgumentError (wrong number of arguments (given 2, expected 1)):
  
app/controllers/api/v1/validations_controller.rb:47:in `check_known_duplicates'
app/controllers/api/v1/validations_controller.rb:21:in `block in index'
app/controllers/api/v1/validations_controller.rb:10:in `index'
Started GET "/api/v1/validate" for 127.0.0.1 at 2018-09-02 17:44:59 -0400
Processing by API::V1::ValidationsController#index as JSON
Completed 200 OK in 1ms (Views: 0.2ms | ActiveRecord: 0.0ms)


Started GET "/api/v1/validate" for 127.0.0.1 at 2018-09-02 17:45:10 -0400
Processing by API::V1::ValidationsController#index as JSON
Completed 200 OK in 2ms (Views: 0.3ms | ActiveRecord: 0.0ms)


Started GET "/api/v1/validate" for 127.0.0.1 at 2018-09-02 17:46:18 -0400
Processing by API::V1::ValidationsController#index as JSON
Completed 200 OK in 129091ms (Views: 0.5ms | ActiveRecord: 0.0ms)


Started GET "/api/v1/validate" for 127.0.0.1 at 2018-09-02 17:48:36 -0400
Processing by API::V1::ValidationsController#index as JSON
Completed 200 OK in 1ms (Views: 0.2ms | ActiveRecord: 0.0ms)


Started GET "/api/v1/validate" for 127.0.0.1 at 2018-09-02 17:49:01 -0400
Processing by API::V1::ValidationsController#index as JSON
Completed 200 OK in 309ms (Views: 0.9ms | ActiveRecord: 0.0ms)


Started GET "/api/v1/validate" for 127.0.0.1 at 2018-09-02 17:49:53 -0400
Processing by API::V1::ValidationsController#index as JSON
Completed 500 Internal Server Error in 110ms (ActiveRecord: 0.0ms)


  
NameError (undefined local variable or method `important_headers' for #<API::V1::ValidationsController:0x00007faec5c25c38>):
  
app/controllers/api/v1/validations_controller.rb:28:in `block in index'
app/controllers/api/v1/validations_controller.rb:15:in `index'
Started GET "/api/v1/validate" for 127.0.0.1 at 2018-09-02 17:50:14 -0400
Processing by API::V1::ValidationsController#index as JSON
Completed 200 OK in 377ms (Views: 0.9ms | ActiveRecord: 0.0ms)


Started GET "/api/v1/validate" for 127.0.0.1 at 2018-09-02 17:53:10 -0400
Processing by API::V1::ValidationsController#index as JSON
Completed 200 OK in 306ms (Views: 2.3ms | ActiveRecord: 0.0ms)


Started GET "/api/v1/validate" for 127.0.0.1 at 2018-09-02 17:54:39 -0400
Processing by API::V1::ValidationsController#index as JSON
Completed 200 OK in 303ms (Views: 1.0ms | ActiveRecord: 0.0ms)


Started GET "/api/v1/validate" for 127.0.0.1 at 2018-09-02 17:55:03 -0400
Processing by API::V1::ValidationsController#index as JSON
Completed 200 OK in 291ms (Views: 1.0ms | ActiveRecord: 0.0ms)


Started GET "/api/v1/validate" for 127.0.0.1 at 2018-09-02 17:55:12 -0400
Processing by API::V1::ValidationsController#index as JSON
Completed 200 OK in 332ms (Views: 1.0ms | ActiveRecord: 0.0ms)


Started GET "/api/v1/validate" for 127.0.0.1 at 2018-09-02 17:56:04 -0400
Processing by API::V1::ValidationsController#index as JSON
Completed 200 OK in 324ms (Views: 1.0ms | ActiveRecord: 0.0ms)


Started GET "/api/v1/validate" for 127.0.0.1 at 2018-09-02 20:33:14 -0400
  
SyntaxError (/Users/apackard/personal/data_validation_app/app/controllers/api/v1/validations_controller.rb:141: syntax error, unexpected ')', expecting ':'
arams[:constraint.to_i] || 10)
                              ^):
  
app/controllers/api/v1/validations_controller.rb:141: syntax error, unexpected ')', expecting ':'
Started GET "/api/v1/validate" for 127.0.0.1 at 2018-09-02 20:33:33 -0400
  
SyntaxError (/Users/apackard/personal/data_validation_app/app/controllers/api/v1/validations_controller.rb:141: syntax error, unexpected ')', expecting ':'
arams[:constraint].to_i || 10)
                              ^):
  
app/controllers/api/v1/validations_controller.rb:141: syntax error, unexpected ')', expecting ':'
Started GET "/api/v1/validate" for 127.0.0.1 at 2018-09-02 20:33:50 -0400
Processing by API::V1::ValidationsController#index as JSON
Completed 200 OK in 324ms (Views: 1.2ms | ActiveRecord: 0.0ms)


Started GET "/api/v1/validate?contraint=5" for 127.0.0.1 at 2018-09-02 20:34:02 -0400
Processing by API::V1::ValidationsController#index as JSON
  Parameters: {"contraint"=>"5"}
Completed 200 OK in 315ms (Views: 0.9ms | ActiveRecord: 0.0ms)


Started GET "/api/v1/validate?contraint=5" for 127.0.0.1 at 2018-09-02 20:57:35 -0400
Processing by API::V1::ValidationsController#index as JSON
  Parameters: {"contraint"=>"5"}
Completed 200 OK in 302ms (Views: 1.2ms | ActiveRecord: 0.0ms)


Started GET "/api/v1/validate?contraint=5" for 127.0.0.1 at 2018-09-03 23:05:52 -0400
Processing by API::V1::ValidationsController#index as JSON
  Parameters: {"contraint"=>"5"}
Completed 200 OK in 335ms (Views: 1.1ms | ActiveRecord: 0.0ms)


Started GET "/api/v1/validate" for 127.0.0.1 at 2018-09-03 23:05:55 -0400
Processing by API::V1::ValidationsController#index as JSON
Completed 200 OK in 313ms (Views: 1.3ms | ActiveRecord: 0.0ms)


Started GET "/api/v1/validate" for 127.0.0.1 at 2018-09-03 23:14:40 -0400
Processing by API::V1::ValidationsController#index as JSON
Completed 200 OK in 355ms (Views: 1.3ms | ActiveRecord: 0.0ms)


